<?xml version="1.0" encoding="UTF-8"?>
<!-- Generated by org.testng.reporters.JUnitReportReporter -->
<testsuite hostname="DESKTOP-8SKARJ9" failures="0" tests="2" name="com.movies.qa.testcase.MovieDataTest" time="47.207" errors="0" timestamp="2022-05-22T15:29:22 IST" skipped="0">
  <testcase classname="com.movies.qa.testcase.MovieDataTest" name="test_WhenComparedTheCountryOfTheMovie_OnBothWebsites_ShouldBeSame" time="22.695"/>
  <system-out/>
  <testcase classname="com.movies.qa.testcase.MovieDataTest" name="test_WhenComparedTheReleaseDateOfTheMovie_OnBothWebsites_ShouldBeSame" time="24.512"/>
  <system-out/>
</testsuite> <!-- com.movies.qa.testcase.MovieDataTest -->
