<?xml version="1.0" encoding="UTF-8"?>
<!-- Generated by org.testng.reporters.JUnitReportReporter -->
<testsuite hostname="DESKTOP-8SKARJ9" failures="0" tests="2" name="com.movies.qa.testcase.MovieDataTest" time="43.293" errors="0" timestamp="2022-05-22T14:55:34 IST" skipped="0">
  <testcase classname="com.movies.qa.testcase.MovieDataTest" name="test_WhenComparedTheCountryOfTheMovie_OnBothWebsites_ShouldBeSame" time="19.607"/>
  <system-out/>
  <testcase classname="com.movies.qa.testcase.MovieDataTest" name="test_WhenComparedTheReleaseDateOfTheMovie_OnBothWebsites_ShouldBeSame" time="23.686"/>
  <system-out/>
</testsuite> <!-- com.movies.qa.testcase.MovieDataTest -->
